#
# There is insufficient memory for the Java Runtime Environment to continue.
# Native memory allocation (malloc) failed to allocate 32744 bytes. Error detail: Chunk::new
# Possible reasons:
#   The system is out of physical RAM or swap space
#   This process is running with CompressedOops enabled, and the Java Heap may be blocking the growth of the native heap
# Possible solutions:
#   Reduce memory load on the system
#   Increase physical memory or swap space
#   Check if swap backing store is full
#   Decrease Java heap size (-Xmx/-Xms)
#   Decrease number of Java threads
#   Decrease Java thread stack sizes (-Xss)
#   Set larger code cache with -XX:ReservedCodeCacheSize=
#   JVM is running with Unscaled Compressed Oops mode in which the Java heap is
#     placed in the first 4GB address space. The Java Heap base address is the
#     maximum limit for the native heap growth. Please use -XX:HeapBaseMinAddress
#     to set the Java Heap base and to place the Java Heap above 4GB virtual address.
# This output file may be truncated or incomplete.
#
#  Out of Memory Error (arena.cpp:168), pid=12880, tid=8104
#
# JRE version: OpenJDK Runtime Environment Temurin-21.0.8+9 (21.0.8+9) (build 21.0.8+9-LTS)
# Java VM: OpenJDK 64-Bit Server VM Temurin-21.0.8+9 (21.0.8+9-LTS, mixed mode, sharing, tiered, compressed oops, compressed class ptrs, parallel gc, windows-amd64)
# No core dump will be written. Minidumps are not enabled by default on client versions of Windows
#

---------------  S U M M A R Y ------------

Command Line: --add-modules=ALL-SYSTEM --add-opens=java.base/java.util=ALL-UNNAMED --add-opens=java.base/java.lang=ALL-UNNAMED --add-opens=java.base/sun.nio.fs=ALL-UNNAMED -Declipse.application=org.eclipse.jdt.ls.core.id1 -Dosgi.bundles.defaultStartLevel=4 -Declipse.product=org.eclipse.jdt.ls.core.product -Djava.import.generatesMetadataFilesAtProjectRoot=false -DDetectVMInstallationsJob.disabled=true -Dfile.encoding=utf8 -XX:+UseParallelGC -XX:GCTimeRatio=4 -XX:AdaptiveSizePolicyWeight=90 -Dsun.zip.disableMemoryMapping=true -Xmx2G -Xms100m -Xlog:disable -javaagent:c:\Users\Dell\.vscode\extensions\redhat.java-1.47.0-win32-x64\lombok\lombok-1.18.39-4050.jar c:\Users\Dell\.vscode\extensions\redhat.java-1.47.0-win32-x64\server\plugins\org.eclipse.equinox.launcher_1.7.100.v20251014-1222.jar -configuration c:\Users\Dell\AppData\Roaming\Code\User\globalStorage\redhat.java\1.47.0\config_ss_win -data c:\Users\Dell\AppData\Roaming\Code\User\workspaceStorage\1aca74dd2671891407d9f448fdf04a73\redhat.java\ss_ws --pipe=\\.\pipe\lsp-8507279f639ceed7a81d7af40cbc47c5-sock

Host: Intel(R) Core(TM) i3-4005U CPU @ 1.70GHz, 4 cores, 3G,  Windows 10 , 64 bit Build 19041 (10.0.19041.5915)
Time: Wed Nov  5 08:18:12 2025 India Standard Time elapsed time: 17.273972 seconds (0d 0h 0m 17s)

---------------  T H R E A D  ---------------

Current thread (0x00000257ca4372e0):  JavaThread "C1 CompilerThread0" daemon [_thread_in_native, id=8104, stack(0x000000c9f7300000,0x000000c9f7400000) (1024K)]


Current CompileTask:
C1:17274 1747       3       java.net.URL::<init> (438 bytes)

Stack: [0x000000c9f7300000,0x000000c9f7400000]
Native frames: (J=compiled Java code, j=interpreted, Vv=VM code, C=native code)
V  [jvm.dll+0x6d2449]
V  [jvm.dll+0x8ae341]
V  [jvm.dll+0x8b08be]
V  [jvm.dll+0x8b0fa3]
V  [jvm.dll+0x280c96]
V  [jvm.dll+0xc581d]
V  [jvm.dll+0xc5d53]
V  [jvm.dll+0x199d5a]
V  [jvm.dll+0x197d5d]
V  [jvm.dll+0x19810a]
V  [jvm.dll+0x199fbe]
V  [jvm.dll+0x154bf3]
V  [jvm.dll+0x154438]
V  [jvm.dll+0x154684]
V  [jvm.dll+0x153ab6]
V  [jvm.dll+0x15588d]
V  [jvm.dll+0x257d4d]
V  [jvm.dll+0x2562ea]
V  [jvm.dll+0x3f2d16]
V  [jvm.dll+0x857e6b]
V  [jvm.dll+0x6d0b0d]
C  [ucrtbase.dll+0x21bb2]
C  [KERNEL32.DLL+0x17374]
C  [ntdll.dll+0x4cc91]


---------------  P R O C E S S  ---------------

Threads class SMR info:
_java_thread_list=0x00000257e61455b0, length=12, elements={
0x00000257ca4d0a80, 0x00000257ca3b8ca0, 0x00000257ca3ba130, 0x00000257ca3bcd90,
0x00000257ca3bd9e0, 0x00000257ca3c0440, 0x00000257ca3c0e90, 0x00000257ca3c1cc0,
0x00000257ca4372e0, 0x00000257ca48e7f0, 0x00000257e1c4f1a0, 0x00000257e64497f0
}

Java Threads: ( => current thread )
  0x00000257ca4d0a80 JavaThread "main"                              [_thread_in_native, id=5660, stack(0x000000c9f6800000,0x000000c9f6900000) (1024K)]
  0x00000257ca3b8ca0 JavaThread "Reference Handler"          daemon [_thread_blocked, id=12984, stack(0x000000c9f6c00000,0x000000c9f6d00000) (1024K)]
  0x00000257ca3ba130 JavaThread "Finalizer"                  daemon [_thread_blocked, id=320, stack(0x000000c9f6d00000,0x000000c9f6e00000) (1024K)]
  0x00000257ca3bcd90 JavaThread "Signal Dispatcher"          daemon [_thread_blocked, id=10580, stack(0x000000c9f6e00000,0x000000c9f6f00000) (1024K)]
  0x00000257ca3bd9e0 JavaThread "Attach Listener"            daemon [_thread_blocked, id=11004, stack(0x000000c9f6f00000,0x000000c9f7000000) (1024K)]
  0x00000257ca3c0440 JavaThread "Service Thread"             daemon [_thread_blocked, id=5192, stack(0x000000c9f7000000,0x000000c9f7100000) (1024K)]
  0x00000257ca3c0e90 JavaThread "Monitor Deflation Thread"   daemon [_thread_blocked, id=9372, stack(0x000000c9f7100000,0x000000c9f7200000) (1024K)]
  0x00000257ca3c1cc0 JavaThread "C2 CompilerThread0"         daemon [_thread_blocked, id=9256, stack(0x000000c9f7200000,0x000000c9f7300000) (1024K)]
=>0x00000257ca4372e0 JavaThread "C1 CompilerThread0"         daemon [_thread_in_native, id=8104, stack(0x000000c9f7300000,0x000000c9f7400000) (1024K)]
  0x00000257ca48e7f0 JavaThread "Common-Cleaner"             daemon [_thread_blocked, id=1300, stack(0x000000c9f7400000,0x000000c9f7500000) (1024K)]
  0x00000257e1c4f1a0 JavaThread "Notification Thread"        daemon [_thread_blocked, id=12832, stack(0x000000c9f7500000,0x000000c9f7600000) (1024K)]
  0x00000257e64497f0 JavaThread "Active Thread: Equinox Container: 4648f72c-7436-4634-b5ed-b679c47ae98a"        [_thread_blocked, id=9008, stack(0x000000c9f7900000,0x000000c9f7a00000) (1024K)]
Total: 12

Other Threads:
  0x00000257ca39c6b0 VMThread "VM Thread"                           [id=12864, stack(0x000000c9f6b00000,0x000000c9f6c00000) (1024K)]
  0x00000257ca311c40 WatcherThread "VM Periodic Task Thread"        [id=3096, stack(0x000000c9f6a00000,0x000000c9f6b00000) (1024K)]
  0x00000257ca4ed460 WorkerThread "GC Thread#0"                     [id=3456, stack(0x000000c9f6900000,0x000000c9f6a00000) (1024K)]
  0x00000257e60473d0 WorkerThread "GC Thread#1"                     [id=12328, stack(0x000000c9f7600000,0x000000c9f7700000) (1024K)]
  0x00000257e61805a0 WorkerThread "GC Thread#2"                     [id=9764, stack(0x000000c9f7700000,0x000000c9f7800000) (1024K)]
  0x00000257e6180940 WorkerThread "GC Thread#3"                     [id=12180, stack(0x000000c9f7800000,0x000000c9f7900000) (1024K)]
Total: 6

Threads with active compile tasks:
C1 CompilerThread0  17339 1747       3       java.net.URL::<init> (438 bytes)
Total: 1

VM state: not at safepoint (normal execution)

VM Mutex/Monitor currently owned by a thread: None

Heap address: 0x0000000080000000, size: 2048 MB, Compressed Oops mode: 32-bit

CDS archive(s) mapped at: [0x0000025780000000-0x0000025780ba0000-0x0000025780ba0000), size 12189696, SharedBaseAddress: 0x0000025780000000, ArchiveRelocationMode: 1.
Compressed class space mapped at: 0x0000025781000000-0x00000257c1000000, reserved size: 1073741824
Narrow klass base: 0x0000025780000000, Narrow klass shift: 0, Narrow klass range: 0x100000000

GC Precious Log:
 CardTable entry size: 512
 CPUs: 4 total, 4 available
 Memory: 4000M
 Large Page Support: Disabled
 NUMA Support: Disabled
 Compressed Oops: Enabled (32-bit)
 Alignments: Space 512K, Generation 512K, Heap 2M
 Heap Min Capacity: 100M
 Heap Initial Capacity: 100M
 Heap Max Capacity: 2G
 Pre-touch: Disabled
 Parallel Workers: 4

Heap:
 PSYoungGen      total 29696K, used 26479K [0x00000000d5580000, 0x00000000d7680000, 0x0000000100000000)
  eden space 25600K, 90% used [0x00000000d5580000,0x00000000d6c21ec8,0x00000000d6e80000)
  from space 4096K, 80% used [0x00000000d6e80000,0x00000000d71b9e98,0x00000000d7280000)
  to   space 4096K, 0% used [0x00000000d7280000,0x00000000d7280000,0x00000000d7680000)
 ParOldGen       total 68608K, used 0K [0x0000000080000000, 0x0000000084300000, 0x00000000d5580000)
  object space 68608K, 0% used [0x0000000080000000,0x0000000080000000,0x0000000084300000)
 Metaspace       used 7914K, committed 8192K, reserved 1114112K
  class space    used 828K, committed 960K, reserved 1048576K

Card table byte_map: [0x00000257c9e80000,0x00000257ca290000] _byte_map_base: 0x00000257c9a80000

Marking Bits: (ParMarkBitMap*) 0x00007ffb3940a340
 Begin Bits: [0x00000257dc980000, 0x00000257de980000)
 End Bits:   [0x00000257de980000, 0x00000257e0980000)

Polling page: 0x00000257c81f0000

Metaspace:

Usage:
  Non-class:      6.92 MB used.
      Class:    828.35 KB used.
       Both:      7.73 MB used.

Virtual space:
  Non-class space:       64.00 MB reserved,       7.06 MB ( 11%) committed,  1 nodes.
      Class space:        1.00 GB reserved,     960.00 KB ( <1%) committed,  1 nodes.
             Both:        1.06 GB reserved,       8.00 MB ( <1%) committed. 

Chunk freelists:
   Non-Class:  8.81 MB
       Class:  14.91 MB
        Both:  23.72 MB

MaxMetaspaceSize: unlimited
CompressedClassSpaceSize: 1.00 GB
Initial GC threshold: 21.00 MB
Current GC threshold: 21.00 MB
CDS: on
 - commit_granule_bytes: 65536.
 - commit_granule_words: 8192.
 - virtual_space_node_default_size: 8388608.
 - enlarge_chunks_in_place: 1.
 - use_allocation_guard: 0.


Internal statistics:

num_allocs_failed_limit: 0.
num_arena_births: 228.
num_arena_deaths: 0.
num_vsnodes_births: 2.
num_vsnodes_deaths: 0.
num_space_committed: 128.
num_space_uncommitted: 0.
num_chunks_returned_to_freelist: 0.
num_chunks_taken_from_freelist: 420.
num_chunk_merges: 0.
num_chunk_splits: 270.
num_chunks_enlarged: 179.
num_inconsistent_stats: 0.

CodeHeap 'non-profiled nmethods': size=120000Kb used=754Kb max_used=754Kb free=119245Kb
 bounds [0x00000257d51a0000, 0x00000257d5410000, 0x00000257dc6d0000]
CodeHeap 'profiled nmethods': size=120000Kb used=3104Kb max_used=3104Kb free=116895Kb
 bounds [0x00000257cd6d0000, 0x00000257cd9e0000, 0x00000257d4c00000]
CodeHeap 'non-nmethods': size=5760Kb used=1215Kb max_used=1235Kb free=4544Kb
 bounds [0x00000257d4c00000, 0x00000257d4e70000, 0x00000257d51a0000]
CodeCache: size=245760Kb, used=5073Kb, max_used=5093Kb, free=240684Kb
 total_blobs=2227, nmethods=1745, adapters=389, full_count=0
Compilation: enabled, stopped_count=0, restarted_count=0

Compilation events (20 events):
Event: 11.850 Thread 0x00000257ca3c1cc0 nmethod 1737 0x00000257d5258b10 code [0x00000257d5258ca0, 0x00000257d5258d30]
Event: 11.954 Thread 0x00000257ca3c1cc0 1738       4       java.lang.System::getSecurityManager (12 bytes)
Event: 11.954 Thread 0x00000257ca3c1cc0 nmethod 1738 0x00000257d5258e10 code [0x00000257d5258f80, 0x00000257d5258fe8]
Event: 14.187 Thread 0x00000257ca4372e0 1739       3       org.eclipse.osgi.internal.framework.EquinoxConfiguration$ConfigValues::internalGet (24 bytes)
Event: 14.187 Thread 0x00000257ca3c1cc0 1741       4       java.io.WinNTFileSystem::normalize (143 bytes)
Event: 14.188 Thread 0x00000257ca4372e0 nmethod 1739 0x00000257cd9d4d90 code [0x00000257cd9d4fa0, 0x00000257cd9d5598]
Event: 14.188 Thread 0x00000257ca4372e0 1740       3       java.net.URL::toExternalForm (9 bytes)
Event: 14.188 Thread 0x00000257ca4372e0 nmethod 1740 0x00000257cd9d5790 code [0x00000257cd9d5940, 0x00000257cd9d5b20]
Event: 14.347 Thread 0x00000257ca3c1cc0 nmethod 1741 0x00000257d5259110 code [0x00000257d5259480, 0x00000257d525af50]
Event: 16.157 Thread 0x00000257ca3c1cc0 1742       4       sun.nio.fs.WindowsPathParser::isInvalidPathChar (22 bytes)
Event: 16.159 Thread 0x00000257ca3c1cc0 nmethod 1742 0x00000257d525c190 code [0x00000257d525c320, 0x00000257d525c4d8]
Event: 17.202 Thread 0x00000257ca4372e0 1743       3       sun.net.util.IPAddressUtil::scan (62 bytes)
Event: 17.202 Thread 0x00000257ca3c1cc0 1745       4       java.lang.StringLatin1::inflate (34 bytes)
Event: 17.204 Thread 0x00000257ca4372e0 nmethod 1743 0x00000257cd9d5c10 code [0x00000257cd9d5e60, 0x00000257cd9d6720]
Event: 17.204 Thread 0x00000257ca4372e0 1744       3       java.util.StringTokenizer::setMaxDelimCodePoint (156 bytes)
Event: 17.206 Thread 0x00000257ca4372e0 nmethod 1744 0x00000257cd9d6b10 code [0x00000257cd9d6d80, 0x00000257cd9d79e8]
Event: 17.212 Thread 0x00000257ca3c1cc0 nmethod 1745 0x00000257d525c690 code [0x00000257d525c820, 0x00000257d525c9b0]
Event: 17.258 Thread 0x00000257ca4372e0 1746       3       java.util.Collections::emptyIterator (4 bytes)
Event: 17.258 Thread 0x00000257ca4372e0 nmethod 1746 0x00000257cd9d7f10 code [0x00000257cd9d80a0, 0x00000257cd9d8198]
Event: 17.264 Thread 0x00000257ca4372e0 1747       3       java.net.URL::<init> (438 bytes)

GC Heap History (2 events):
Event: 5.564 GC heap before
{Heap before GC invocations=1 (full 0):
 PSYoungGen      total 29696K, used 25600K [0x00000000d5580000, 0x00000000d7680000, 0x0000000100000000)
  eden space 25600K, 100% used [0x00000000d5580000,0x00000000d6e80000,0x00000000d6e80000)
  from space 4096K, 0% used [0x00000000d7280000,0x00000000d7280000,0x00000000d7680000)
  to   space 4096K, 0% used [0x00000000d6e80000,0x00000000d6e80000,0x00000000d7280000)
 ParOldGen       total 68608K, used 0K [0x0000000080000000, 0x0000000084300000, 0x00000000d5580000)
  object space 68608K, 0% used [0x0000000080000000,0x0000000080000000,0x0000000084300000)
 Metaspace       used 4357K, committed 4608K, reserved 1114112K
  class space    used 473K, committed 576K, reserved 1048576K
}
Event: 5.670 GC heap after
{Heap after GC invocations=1 (full 0):
 PSYoungGen      total 29696K, used 3303K [0x00000000d5580000, 0x00000000d7680000, 0x0000000100000000)
  eden space 25600K, 0% used [0x00000000d5580000,0x00000000d5580000,0x00000000d6e80000)
  from space 4096K, 80% used [0x00000000d6e80000,0x00000000d71b9e98,0x00000000d7280000)
  to   space 4096K, 0% used [0x00000000d7280000,0x00000000d7280000,0x00000000d7680000)
 ParOldGen       total 68608K, used 0K [0x0000000080000000, 0x0000000084300000, 0x00000000d5580000)
  object space 68608K, 0% used [0x0000000080000000,0x0000000080000000,0x0000000084300000)
 Metaspace       used 4357K, committed 4608K, reserved 1114112K
  class space    used 473K, committed 576K, reserved 1048576K
}

Dll operation events (8 events):
Event: 0.122 Loaded shared library c:\Users\Dell\.vscode\extensions\redhat.java-1.47.0-win32-x64\jre\21.0.8-win32-x86_64\bin\java.dll
Event: 0.423 Loaded shared library c:\Users\Dell\.vscode\extensions\redhat.java-1.47.0-win32-x64\jre\21.0.8-win32-x86_64\bin\zip.dll
Event: 0.512 Loaded shared library C:\Users\Dell\.vscode\extensions\redhat.java-1.47.0-win32-x64\jre\21.0.8-win32-x86_64\bin\instrument.dll
Event: 0.524 Loaded shared library C:\Users\Dell\.vscode\extensions\redhat.java-1.47.0-win32-x64\jre\21.0.8-win32-x86_64\bin\net.dll
Event: 0.530 Loaded shared library C:\Users\Dell\.vscode\extensions\redhat.java-1.47.0-win32-x64\jre\21.0.8-win32-x86_64\bin\nio.dll
Event: 0.543 Loaded shared library C:\Users\Dell\.vscode\extensions\redhat.java-1.47.0-win32-x64\jre\21.0.8-win32-x86_64\bin\zip.dll
Event: 0.595 Loaded shared library C:\Users\Dell\.vscode\extensions\redhat.java-1.47.0-win32-x64\jre\21.0.8-win32-x86_64\bin\jimage.dll
Event: 0.933 Loaded shared library c:\Users\Dell\.vscode\extensions\redhat.java-1.47.0-win32-x64\jre\21.0.8-win32-x86_64\bin\verify.dll

Deoptimization events (20 events):
Event: 8.307 Thread 0x00000257ca4d0a80 DEOPT PACKING pc=0x00000257d5238d10 sp=0x000000c9f68fe500
Event: 8.307 Thread 0x00000257ca4d0a80 DEOPT UNPACKING pc=0x00000257d4c53aa2 sp=0x000000c9f68fe428 mode 2
Event: 8.307 Thread 0x00000257ca4d0a80 Uncommon trap: trap_request=0xffffffde fr.pc=0x00000257d51af5b8 relative=0x0000000000000478
Event: 8.307 Thread 0x00000257ca4d0a80 Uncommon trap: reason=class_check action=maybe_recompile pc=0x00000257d51af5b8 method=java.util.HashMap.putVal(ILjava/lang/Object;Ljava/lang/Object;ZZ)Ljava/lang/Object; @ 253 c2
Event: 8.307 Thread 0x00000257ca4d0a80 DEOPT PACKING pc=0x00000257d51af5b8 sp=0x000000c9f68fe460
Event: 8.307 Thread 0x00000257ca4d0a80 DEOPT UNPACKING pc=0x00000257d4c53aa2 sp=0x000000c9f68fe420 mode 2
Event: 8.470 Thread 0x00000257ca4d0a80 Uncommon trap: trap_request=0xffffffc6 fr.pc=0x00000257d52422a8 relative=0x0000000000000688
Event: 8.470 Thread 0x00000257ca4d0a80 Uncommon trap: reason=bimorphic_or_optimized_type_check action=maybe_recompile pc=0x00000257d52422a8 method=java.util.Collections$UnmodifiableCollection$1.<init>(Ljava/util/Collections$UnmodifiableCollection;)V @ 17 c2
Event: 8.470 Thread 0x00000257ca4d0a80 DEOPT PACKING pc=0x00000257d52422a8 sp=0x000000c9f68fe900
Event: 8.470 Thread 0x00000257ca4d0a80 DEOPT UNPACKING pc=0x00000257d4c53aa2 sp=0x000000c9f68fe848 mode 2
Event: 8.476 Thread 0x00000257ca4d0a80 DEOPT PACKING pc=0x00000257cd7d168b sp=0x000000c9f68fcae0
Event: 8.476 Thread 0x00000257ca4d0a80 DEOPT UNPACKING pc=0x00000257d4c54242 sp=0x000000c9f68fbf58 mode 0
Event: 8.478 Thread 0x00000257ca4d0a80 DEOPT PACKING pc=0x00000257cd7cc186 sp=0x000000c9f68fc5f0
Event: 8.478 Thread 0x00000257ca4d0a80 DEOPT UNPACKING pc=0x00000257d4c54242 sp=0x000000c9f68fba70 mode 0
Event: 8.492 Thread 0x00000257ca4d0a80 Uncommon trap: trap_request=0xffffff45 fr.pc=0x00000257d5251fd4 relative=0x0000000000000874
Event: 8.492 Thread 0x00000257ca4d0a80 Uncommon trap: reason=unstable_if action=reinterpret pc=0x00000257d5251fd4 method=java.util.HashMap.putVal(ILjava/lang/Object;Ljava/lang/Object;ZZ)Ljava/lang/Object; @ 81 c2
Event: 8.493 Thread 0x00000257ca4d0a80 DEOPT PACKING pc=0x00000257d5251fd4 sp=0x000000c9f68fd0f0
Event: 8.493 Thread 0x00000257ca4d0a80 DEOPT UNPACKING pc=0x00000257d4c53aa2 sp=0x000000c9f68fd070 mode 2
Event: 8.496 Thread 0x00000257ca4d0a80 DEOPT PACKING pc=0x00000257cd7cc186 sp=0x000000c9f68fc840
Event: 8.496 Thread 0x00000257ca4d0a80 DEOPT UNPACKING pc=0x00000257d4c54242 sp=0x000000c9f68fbcc0 mode 0

Classes loaded (20 events):
Event: 8.462 Loading class java/security/KeyStoreException
Event: 8.463 Loading class java/security/KeyStoreException done
Event: 8.550 Loading class java/util/LinkedList$Node
Event: 8.551 Loading class java/util/LinkedList$Node done
Event: 8.551 Loading class java/util/LinkedList$ListItr
Event: 8.552 Loading class java/util/LinkedList$ListItr done
Event: 8.556 Loading class java/lang/Thread$Builder$OfPlatform
Event: 8.556 Loading class java/lang/Thread$Builder
Event: 8.556 Loading class java/lang/Thread$Builder done
Event: 8.556 Loading class java/lang/Thread$Builder$OfPlatform done
Event: 8.556 Loading class java/lang/Thread$Builder$OfVirtual
Event: 8.556 Loading class java/lang/Thread$Builder$OfVirtual done
Event: 8.583 Loading class sun/nio/fs/WindowsChannelFactory
Event: 8.583 Loading class sun/nio/fs/WindowsChannelFactory done
Event: 8.584 Loading class sun/nio/fs/WindowsChannelFactory$1
Event: 8.584 Loading class sun/nio/fs/WindowsChannelFactory$1 done
Event: 8.584 Loading class sun/nio/fs/WindowsChannelFactory$Flags
Event: 8.584 Loading class sun/nio/fs/WindowsChannelFactory$Flags done
Event: 8.585 Loading class sun/nio/ch/FileChannelImpl$Closer
Event: 8.586 Loading class sun/nio/ch/FileChannelImpl$Closer done

Classes unloaded (0 events):
No events

Classes redefined (0 events):
No events

Internal exceptions (20 events):
Event: 4.291 Thread 0x00000257ca4d0a80 Exception <a 'java/lang/NoSuchMethodError'{0x00000000d65eca80}: 'java.lang.Object java.lang.invoke.DirectMethodHandle$Holder.invokeInterface(java.lang.Object, java.lang.Object, int)'> (0x00000000d65eca80) 
thrown [s\src\hotspot\share\interpreter\linkResolver.cpp, line 773]
Event: 5.238 Thread 0x00000257ca4d0a80 Exception <a 'java/lang/NoSuchMethodError'{0x00000000d6a55418}: 'java.lang.ClassLoader java.lang.ClassLoader.getPlatformClassLoader(java.lang.Class)'> (0x00000000d6a55418) 
thrown [s\src\hotspot\share\interpreter\linkResolver.cpp, line 773]
Event: 5.556 Thread 0x00000257ca4d0a80 Exception <a 'java/lang/ClassNotFoundException'{0x00000000d6e74098}: sun/net/www/protocol/c/Handler> (0x00000000d6e74098) 
thrown [s\src\hotspot\share\classfile\systemDictionary.cpp, line 312]
Event: 5.557 Thread 0x00000257ca4d0a80 Exception <a 'java/lang/ClassNotFoundException'{0x00000000d6e75408}: sun/net/www/protocol/e/Handler> (0x00000000d6e75408) 
thrown [s\src\hotspot\share\classfile\systemDictionary.cpp, line 312]
Event: 5.557 Thread 0x00000257ca4d0a80 Exception <a 'java/lang/ClassNotFoundException'{0x00000000d6e765a0}: sun/net/www/protocol/c/Handler> (0x00000000d6e765a0) 
thrown [s\src\hotspot\share\classfile\systemDictionary.cpp, line 312]
Event: 5.684 Thread 0x00000257ca4d0a80 Exception <a 'java/io/FileNotFoundException'{0x00000000d559c5a8}> (0x00000000d559c5a8) 
thrown [s\src\hotspot\share\prims\jni.cpp, line 520]
Event: 5.928 Thread 0x00000257ca4d0a80 Implicit null exception at 0x00000257d51f76a9 to 0x00000257d51f7f1c
Event: 5.928 Thread 0x00000257ca4d0a80 Implicit null exception at 0x00000257d520889a to 0x00000257d5208aa0
Event: 5.931 Thread 0x00000257ca4d0a80 Exception <a 'java/lang/NoSuchMethodError'{0x00000000d574b560}: 'void java.lang.invoke.DirectMethodHandle$Holder.invokeStatic(java.lang.Object, java.lang.Object, java.lang.Object, java.lang.Object)'> (0x00000000d574b560) 
thrown [s\src\hotspot\share\interpreter\linkResolver.cpp, line 773]
Event: 5.938 Thread 0x00000257ca4d0a80 Implicit null exception at 0x00000257d520471a to 0x00000257d5204924
Event: 5.938 Thread 0x00000257ca4d0a80 Implicit null exception at 0x00000257d51fa13d to 0x00000257d51fa1c1
Event: 6.518 Thread 0x00000257ca4d0a80 Exception <a 'java/lang/NoSuchMethodError'{0x00000000d59bfc48}: 'void java.lang.invoke.DirectMethodHandle$Holder.invokeSpecial(java.lang.Object, java.lang.Object, java.lang.Object)'> (0x00000000d59bfc48) 
thrown [s\src\hotspot\share\interpreter\linkResolver.cpp, line 773]
Event: 7.777 Thread 0x00000257ca4d0a80 Exception <a 'java/lang/NoSuchMethodError'{0x00000000d6285948}: 'int java.lang.invoke.DirectMethodHandle$Holder.invokeVirtual(java.lang.Object, java.lang.Object)'> (0x00000000d6285948) 
thrown [s\src\hotspot\share\interpreter\linkResolver.cpp, line 773]
Event: 7.959 Thread 0x00000257ca4d0a80 Exception <a 'java/lang/NoSuchMethodError'{0x00000000d640a708}: 'int java.lang.invoke.DirectMethodHandle$Holder.invokeStaticInit(java.lang.Object, java.lang.Object, java.lang.Object, java.lang.Object)'> (0x00000000d640a708) 
thrown [s\src\hotspot\share\interpreter\linkResolver.cpp, line 773]
Event: 7.962 Thread 0x00000257ca4d0a80 Exception <a 'java/lang/IncompatibleClassChangeError'{0x00000000d6412b90}: Found class java.lang.Object, but interface was expected> (0x00000000d6412b90) 
thrown [s\src\hotspot\share\interpreter\linkResolver.cpp, line 840]
Event: 7.964 Thread 0x00000257ca4d0a80 Exception <a 'java/lang/NoSuchMethodError'{0x00000000d6419a80}: 'void java.lang.invoke.DirectMethodHandle$Holder.invokeStaticInit(java.lang.Object, java.lang.Object)'> (0x00000000d6419a80) 
thrown [s\src\hotspot\share\interpreter\linkResolver.cpp, line 773]
Event: 7.968 Thread 0x00000257ca4d0a80 Exception <a 'java/lang/NoSuchMethodError'{0x00000000d64236b8}: 'int java.lang.invoke.DirectMethodHandle$Holder.invokeStaticInit(java.lang.Object, java.lang.Object)'> (0x00000000d64236b8) 
thrown [s\src\hotspot\share\interpreter\linkResolver.cpp, line 773]
Event: 8.168 Thread 0x00000257ca4d0a80 Exception <a 'java/lang/NoSuchMethodError'{0x00000000d668b2a0}: 'java.lang.Object java.lang.invoke.DirectMethodHandle$Holder.newInvokeSpecial(java.lang.Object, int, java.lang.Object)'> (0x00000000d668b2a0) 
thrown [s\src\hotspot\share\interpreter\linkResolver.cpp, line 773]
Event: 8.340 Thread 0x00000257ca4d0a80 Exception <a 'java/lang/ClassNotFoundException'{0x00000000d68a8aa0}: sun/net/www/protocol/plurl/Handler> (0x00000000d68a8aa0) 
thrown [s\src\hotspot\share\classfile\systemDictionary.cpp, line 312]
Event: 8.340 Thread 0x00000257ca4d0a80 Exception <a 'java/lang/ClassNotFoundException'{0x00000000d68a9920}: sun/net/www/protocol/plurl/Handler> (0x00000000d68a9920) 
thrown [s\src\hotspot\share\classfile\systemDictionary.cpp, line 312]

ZGC Phase Switch (0 events):
No events

VM Operations (20 events):
Event: 5.428 Executing VM operation: HandshakeAllThreads (Deoptimize)
Event: 5.428 Executing VM operation: HandshakeAllThreads (Deoptimize) done
Event: 5.564 Executing VM operation: ParallelGCFailedAllocation (Allocation Failure)
Event: 5.670 Executing VM operation: ParallelGCFailedAllocation (Allocation Failure) done
Event: 6.681 Executing VM operation: Cleanup
Event: 6.681 Executing VM operation: Cleanup done
Event: 7.699 Executing VM operation: Cleanup
Event: 7.699 Executing VM operation: Cleanup done
Event: 8.087 Executing VM operation: HandshakeAllThreads (Deoptimize)
Event: 8.087 Executing VM operation: HandshakeAllThreads (Deoptimize) done
Event: 8.106 Executing VM operation: HandshakeAllThreads (Deoptimize)
Event: 8.106 Executing VM operation: HandshakeAllThreads (Deoptimize) done
Event: 8.293 Executing VM operation: HandshakeAllThreads (Deoptimize)
Event: 8.293 Executing VM operation: HandshakeAllThreads (Deoptimize) done
Event: 8.323 Executing VM operation: HandshakeAllThreads (Deoptimize)
Event: 8.323 Executing VM operation: HandshakeAllThreads (Deoptimize) done
Event: 9.332 Executing VM operation: Cleanup
Event: 9.332 Executing VM operation: Cleanup done
Event: 15.377 Executing VM operation: Cleanup
Event: 15.377 Executing VM operation: Cleanup done

Memory protections (0 events):
No events

Nmethod flushes (0 events):
No events

Events (12 events):
Event: 0.188 Thread 0x00000257ca4d0a80 Thread added: 0x00000257ca4d0a80
Event: 0.226 Thread 0x00000257ca4d0a80 Thread added: 0x00000257ca3b8ca0
Event: 0.227 Thread 0x00000257ca4d0a80 Thread added: 0x00000257ca3ba130
Event: 0.227 Thread 0x00000257ca4d0a80 Thread added: 0x00000257ca3bcd90
Event: 0.227 Thread 0x00000257ca4d0a80 Thread added: 0x00000257ca3bd9e0
Event: 0.228 Thread 0x00000257ca4d0a80 Thread added: 0x00000257ca3c0440
Event: 0.228 Thread 0x00000257ca4d0a80 Thread added: 0x00000257ca3c0e90
Event: 0.228 Thread 0x00000257ca4d0a80 Thread added: 0x00000257ca3c1cc0
Event: 0.244 Thread 0x00000257ca4d0a80 Thread added: 0x00000257ca4372e0
Event: 0.366 Thread 0x00000257ca4d0a80 Thread added: 0x00000257ca48e7f0
Event: 1.258 Thread 0x00000257ca4d0a80 Thread added: 0x00000257e1c4f1a0
Event: 8.044 Thread 0x00000257ca4d0a80 Thread added: 0x00000257e64497f0


Dynamic libraries:
0x00007ff7576a0000 - 0x00007ff7576ae000 	c:\Users\Dell\.vscode\extensions\redhat.java-1.47.0-win32-x64\jre\21.0.8-win32-x86_64\bin\java.exe
0x00007ffb76eb0000 - 0x00007ffb770a8000 	C:\Windows\SYSTEM32\ntdll.dll
0x00007ffb750b0000 - 0x00007ffb75172000 	C:\Windows\System32\KERNEL32.DLL
0x00007ffb74990000 - 0x00007ffb74c86000 	C:\Windows\System32\KERNELBASE.dll
0x00007ffb745a0000 - 0x00007ffb746a0000 	C:\Windows\System32\ucrtbase.dll
0x00007ffb686c0000 - 0x00007ffb686d8000 	c:\Users\Dell\.vscode\extensions\redhat.java-1.47.0-win32-x64\jre\21.0.8-win32-x86_64\bin\jli.dll
0x00007ffb75570000 - 0x00007ffb75711000 	C:\Windows\System32\USER32.dll
0x00007ffb74540000 - 0x00007ffb74562000 	C:\Windows\System32\win32u.dll
0x00007ffb76de0000 - 0x00007ffb76e0b000 	C:\Windows\System32\GDI32.dll
0x00007ffb74d30000 - 0x00007ffb74e49000 	C:\Windows\System32\gdi32full.dll
0x00007ffb74c90000 - 0x00007ffb74d2d000 	C:\Windows\System32\msvcp_win.dll
0x00007ffb66530000 - 0x00007ffb6654e000 	c:\Users\Dell\.vscode\extensions\redhat.java-1.47.0-win32-x64\jre\21.0.8-win32-x86_64\bin\VCRUNTIME140.dll
0x00007ffb62f40000 - 0x00007ffb631db000 	C:\Windows\WinSxS\amd64_microsoft.windows.common-controls_6595b64144ccf1df_6.0.19041.6456_none_60b8a6cb71f64256\COMCTL32.dll
0x00007ffb76350000 - 0x00007ffb763ee000 	C:\Windows\System32\msvcrt.dll
0x00007ffb74ed0000 - 0x00007ffb74eff000 	C:\Windows\System32\IMM32.DLL
0x00007ffb6cc10000 - 0x00007ffb6cc1c000 	c:\Users\Dell\.vscode\extensions\redhat.java-1.47.0-win32-x64\jre\21.0.8-win32-x86_64\bin\vcruntime140_1.dll
0x00007ffb58e90000 - 0x00007ffb58f1d000 	c:\Users\Dell\.vscode\extensions\redhat.java-1.47.0-win32-x64\jre\21.0.8-win32-x86_64\bin\msvcp140.dll
0x00007ffb38750000 - 0x00007ffb394e7000 	c:\Users\Dell\.vscode\extensions\redhat.java-1.47.0-win32-x64\jre\21.0.8-win32-x86_64\bin\server\jvm.dll
0x00007ffb74f60000 - 0x00007ffb75011000 	C:\Windows\System32\ADVAPI32.dll
0x00007ffb761d0000 - 0x00007ffb7626f000 	C:\Windows\System32\sechost.dll
0x00007ffb75180000 - 0x00007ffb752a0000 	C:\Windows\System32\RPCRT4.dll
0x00007ffb74570000 - 0x00007ffb74597000 	C:\Windows\System32\bcrypt.dll
0x00007ffb764d0000 - 0x00007ffb7653b000 	C:\Windows\System32\WS2_32.dll
0x00007ffb74280000 - 0x00007ffb742cb000 	C:\Windows\SYSTEM32\POWRPROF.dll
0x00007ffb633c0000 - 0x00007ffb633e7000 	C:\Windows\SYSTEM32\WINMM.dll
0x00007ffb63b90000 - 0x00007ffb63b9a000 	C:\Windows\SYSTEM32\VERSION.dll
0x00007ffb74260000 - 0x00007ffb74272000 	C:\Windows\SYSTEM32\UMPDC.dll
0x00007ffb723b0000 - 0x00007ffb723c2000 	C:\Windows\SYSTEM32\kernel.appcore.dll
0x00007ffb6a730000 - 0x00007ffb6a73a000 	c:\Users\Dell\.vscode\extensions\redhat.java-1.47.0-win32-x64\jre\21.0.8-win32-x86_64\bin\jimage.dll
0x00007ffb62d30000 - 0x00007ffb62f31000 	C:\Windows\SYSTEM32\DBGHELP.DLL
0x00007ffb617d0000 - 0x00007ffb61804000 	C:\Windows\SYSTEM32\dbgcore.DLL
0x00007ffb746a0000 - 0x00007ffb74722000 	C:\Windows\System32\bcryptPrimitives.dll
0x00007ffb68cb0000 - 0x00007ffb68cbf000 	c:\Users\Dell\.vscode\extensions\redhat.java-1.47.0-win32-x64\jre\21.0.8-win32-x86_64\bin\instrument.dll
0x00007ffb65c60000 - 0x00007ffb65c7f000 	c:\Users\Dell\.vscode\extensions\redhat.java-1.47.0-win32-x64\jre\21.0.8-win32-x86_64\bin\java.dll
0x00007ffb76670000 - 0x00007ffb76de0000 	C:\Windows\System32\SHELL32.dll
0x00007ffb725b0000 - 0x00007ffb72d55000 	C:\Windows\SYSTEM32\windows.storage.dll
0x00007ffb75e10000 - 0x00007ffb76164000 	C:\Windows\System32\combase.dll
0x00007ffb73e90000 - 0x00007ffb73ebb000 	C:\Windows\SYSTEM32\Wldp.dll
0x00007ffb76400000 - 0x00007ffb764cd000 	C:\Windows\System32\OLEAUT32.dll
0x00007ffb752a0000 - 0x00007ffb7534d000 	C:\Windows\System32\SHCORE.dll
0x00007ffb76170000 - 0x00007ffb761cb000 	C:\Windows\System32\shlwapi.dll
0x00007ffb74470000 - 0x00007ffb74494000 	C:\Windows\SYSTEM32\profapi.dll
0x00007ffb65b60000 - 0x00007ffb65b78000 	c:\Users\Dell\.vscode\extensions\redhat.java-1.47.0-win32-x64\jre\21.0.8-win32-x86_64\bin\zip.dll
0x00007ffb68910000 - 0x00007ffb68920000 	C:\Users\Dell\.vscode\extensions\redhat.java-1.47.0-win32-x64\jre\21.0.8-win32-x86_64\bin\net.dll
0x00007ffb69f60000 - 0x00007ffb6a06a000 	C:\Windows\SYSTEM32\WINHTTP.dll
0x00007ffb73bf0000 - 0x00007ffb73c5a000 	C:\Windows\system32\mswsock.dll
0x00007ffb636c0000 - 0x00007ffb636d6000 	C:\Users\Dell\.vscode\extensions\redhat.java-1.47.0-win32-x64\jre\21.0.8-win32-x86_64\bin\nio.dll
0x00007ffb68770000 - 0x00007ffb68780000 	c:\Users\Dell\.vscode\extensions\redhat.java-1.47.0-win32-x64\jre\21.0.8-win32-x86_64\bin\verify.dll

JVMTI agents:
c:\Users\Dell\.vscode\extensions\redhat.java-1.47.0-win32-x64\lombok\lombok-1.18.39-4050.jar path:c:\Users\Dell\.vscode\extensions\redhat.java-1.47.0-win32-x64\jre\21.0.8-win32-x86_64\bin\instrument.dll, loaded, initialized, instrumentlib options:none

dbghelp: loaded successfully - version: 4.0.5 - missing functions: none
symbol engine: initialized successfully - sym options: 0x614 - pdb path: .;c:\Users\Dell\.vscode\extensions\redhat.java-1.47.0-win32-x64\jre\21.0.8-win32-x86_64\bin;C:\Windows\SYSTEM32;C:\Windows\WinSxS\amd64_microsoft.windows.common-controls_6595b64144ccf1df_6.0.19041.6456_none_60b8a6cb71f64256;c:\Users\Dell\.vscode\extensions\redhat.java-1.47.0-win32-x64\jre\21.0.8-win32-x86_64\bin\server

VM Arguments:
jvm_args: --add-modules=ALL-SYSTEM --add-opens=java.base/java.util=ALL-UNNAMED --add-opens=java.base/java.lang=ALL-UNNAMED --add-opens=java.base/sun.nio.fs=ALL-UNNAMED -Declipse.application=org.eclipse.jdt.ls.core.id1 -Dosgi.bundles.defaultStartLevel=4 -Declipse.product=org.eclipse.jdt.ls.core.product -Djava.import.generatesMetadataFilesAtProjectRoot=false -DDetectVMInstallationsJob.disabled=true -Dfile.encoding=utf8 -XX:+UseParallelGC -XX:GCTimeRatio=4 -XX:AdaptiveSizePolicyWeight=90 -Dsun.zip.disableMemoryMapping=true -Xmx2G -Xms100m -Xlog:disable -javaagent:c:\Users\Dell\.vscode\extensions\redhat.java-1.47.0-win32-x64\lombok\lombok-1.18.39-4050.jar 
java_command: c:\Users\Dell\.vscode\extensions\redhat.java-1.47.0-win32-x64\server\plugins\org.eclipse.equinox.launcher_1.7.100.v20251014-1222.jar -configuration c:\Users\Dell\AppData\Roaming\Code\User\globalStorage\redhat.java\1.47.0\config_ss_win -data c:\Users\Dell\AppData\Roaming\Code\User\workspaceStorage\1aca74dd2671891407d9f448fdf04a73\redhat.java\ss_ws --pipe=\\.\pipe\lsp-8507279f639ceed7a81d7af40cbc47c5-sock
java_class_path (initial): c:\Users\Dell\.vscode\extensions\redhat.java-1.47.0-win32-x64\server\plugins\org.eclipse.equinox.launcher_1.7.100.v20251014-1222.jar
Launcher Type: SUN_STANDARD

[Global flags]
    uintx AdaptiveSizePolicyWeight                 = 90                                        {product} {command line}
     intx CICompilerCount                          = 3                                         {product} {ergonomic}
    uintx GCTimeRatio                              = 4                                         {product} {command line}
   size_t InitialHeapSize                          = 104857600                                 {product} {command line}
   size_t MaxHeapSize                              = 2147483648                                {product} {command line}
   size_t MaxNewSize                               = 715653120                                 {product} {ergonomic}
   size_t MinHeapDeltaBytes                        = 524288                                    {product} {ergonomic}
   size_t MinHeapSize                              = 104857600                                 {product} {command line}
   size_t NewSize                                  = 34603008                                  {product} {ergonomic}
    uintx NonNMethodCodeHeapSize                   = 5832780                                {pd product} {ergonomic}
    uintx NonProfiledCodeHeapSize                  = 122912730                              {pd product} {ergonomic}
   size_t OldSize                                  = 70254592                                  {product} {ergonomic}
    uintx ProfiledCodeHeapSize                     = 122912730                              {pd product} {ergonomic}
    uintx ReservedCodeCacheSize                    = 251658240                              {pd product} {ergonomic}
     bool SegmentedCodeCache                       = true                                      {product} {ergonomic}
   size_t SoftMaxHeapSize                          = 2147483648                             {manageable} {ergonomic}
     bool UseCompressedOops                        = true                           {product lp64_product} {ergonomic}
     bool UseLargePagesIndividualAllocation        = false                                  {pd product} {ergonomic}
     bool UseParallelGC                            = true                                      {product} {command line}

Logging:
Log output configuration:
 #0: stdout all=off uptime,level,tags foldmultilines=false
 #1: stderr all=off uptime,level,tags foldmultilines=false

Environment Variables:
PATH=C:\Program Files\Common Files\Oracle\Java\javapath;C:\Windows\system32;C:\Windows;C:\Windows\System32\Wbem;C:\Windows\System32\WindowsPowerShell\v1.0\;C:\Windows\System32\OpenSSH\;C:\Program Files\dotnet\;C:\Program Files\Git\cmd;C:\Program Files\MySQL\MySQL Shell 8.0\bin\;C:\Users\Dell\AppData\Local\Programs\Python\Python313\Scripts\;C:\Users\Dell\AppData\Local\Programs\Python\Python313\;C:\Users\Dell\AppData\Local\Programs\Python\Launcher\;C:\Users\Dell\AppData\Local\Microsoft\WindowsApps;C:\Users\Dell\AppData\Local\GitHubDesktop\bin;C:\Users\Dell\AppData\Local\Programs\Microsoft VS Code\bin
USERNAME=Dell
OS=Windows_NT
PROCESSOR_IDENTIFIER=Intel64 Family 6 Model 69 Stepping 1, GenuineIntel
TMP=C:\Users\Dell\AppData\Local\Temp
TEMP=C:\Users\Dell\AppData\Local\Temp




Periodic native trim disabled

---------------  S Y S T E M  ---------------

OS:
 Windows 10 , 64 bit Build 19041 (10.0.19041.5915)
OS uptime: 1 days 8:43 hours

CPU: total 4 (initial active 4) (2 cores per cpu, 2 threads per core) family 6 model 69 stepping 1 microcode 0x25, cx8, cmov, fxsr, ht, mmx, sse, sse2, sse3, ssse3, sse4.1, sse4.2, popcnt, lzcnt, tsc, tscinvbit, avx, avx2, aes, erms, clmul, bmi1, bmi2, fma, vzeroupper, clflush, rdtscp, f16c
Processor Information for the first 4 processors :
  Max Mhz: 1700, Current Mhz: 1700, Mhz Limit: 1700

Memory: 4k page, system-wide physical 4000M (232M free)
TotalPageFile size 6048M (AvailPageFile size 1M)
current process WorkingSet (physical memory assigned to process): 80M, peak: 84M
current process commit charge ("private bytes"): 221M, peak: 225M

vm_info: OpenJDK 64-Bit Server VM (21.0.8+9-LTS) for windows-amd64 JRE (21.0.8+9-LTS), built on 2025-07-15T00:00:00Z by "admin" with MS VC++ 17.7 (VS2022)

END.
